# JRE version: Java(TM) SE Runtime Environment (8.0_101-b13) (build 1.8.0_101-b13)
# Java VM: Java HotSpot(TM) 64-Bit Server VM (25.101-b13 mixed mode linux-amd64 compressed oops)
Heap:
 PSYoungGen      total 402432K, used 99819K [0x00000000d5580000, 0x00000000f6a00000, 0x0000000100000000)
  eden space 302592K, 0% used [0x00000000d5580000,0x00000000d5580000,0x00000000e7d00000)
  from space 99840K, 99% used [0x00000000f0880000,0x00000000f69fae68,0x00000000f6a00000)
  to   space 86016K, 0% used [0x00000000e7d00000,0x00000000e7d00000,0x00000000ed100000)
 ParOldGen       total 368640K, used 361767K [0x0000000080000000, 0x0000000096800000, 0x00000000d5580000)
  object space 368640K, 98% used [0x0000000080000000,0x0000000096149ed8,0x0000000096800000)
 Metaspace       used 61459K, capacity 62356K, committed 62720K, reserved 1103872K
  class space    used 7679K, capacity 7891K, committed 7936K, reserved 1048576K
GC Heap History (10 events):
Event: 41.564 GC heap after
Heap after GC invocations=27 (full 5):
 PSYoungGen      total 311296K, used 48258K [0x00000000d5580000, 0x00000000ecf00000, 0x0000000100000000)
  eden space 261120K, 0% used [0x00000000d5580000,0x00000000d5580000,0x00000000e5480000)
  from space 50176K, 96% used [0x00000000e8b80000,0x00000000ebaa0b68,0x00000000ebc80000)
  to   space 56320K, 0% used [0x00000000e5480000,0x00000000e5480000,0x00000000e8b80000)
 ParOldGen       total 204288K, used 122630K [0x0000000080000000, 0x000000008c780000, 0x00000000d5580000)
  object space 204288K, 60% used [0x0000000080000000,0x00000000877c1b68,0x000000008c780000)
 Metaspace       used 60521K, capacity 61442K, committed 61696K, reserved 1103872K
  class space    used 7606K, capacity 7824K, committed 7936K, reserved 1048576K
}
Event: 42.910 GC heap before
{Heap before GC invocations=28 (full 5):
 PSYoungGen      total 311296K, used 309378K [0x00000000d5580000, 0x00000000ecf00000, 0x0000000100000000)
  eden space 261120K, 100% used [0x00000000d5580000,0x00000000e5480000,0x00000000e5480000)
  from space 50176K, 96% used [0x00000000e8b80000,0x00000000ebaa0b68,0x00000000ebc80000)
  to   space 56320K, 0% used [0x00000000e5480000,0x00000000e5480000,0x00000000e8b80000)
 ParOldGen       total 204288K, used 122630K [0x0000000080000000, 0x000000008c780000, 0x00000000d5580000)
  object space 204288K, 60% used [0x0000000080000000,0x00000000877c1b68,0x000000008c780000)
 Metaspace       used 61012K, capacity 61922K, committed 62208K, reserved 1103872K
  class space    used 7641K, capacity 7856K, committed 7936K, reserved 1048576K
Event: 43.106 GC heap after
Heap after GC invocations=28 (full 5):
 PSYoungGen      total 317440K, used 56299K [0x00000000d5580000, 0x00000000f2c80000, 0x0000000100000000)
  eden space 261120K, 0% used [0x00000000d5580000,0x00000000d5580000,0x00000000e5480000)
  from space 56320K, 99% used [0x00000000e5480000,0x00000000e8b7acd8,0x00000000e8b80000)
  to   space 84992K, 0% used [0x00000000ed980000,0x00000000ed980000,0x00000000f2c80000)
 ParOldGen       total 204288K, used 177091K [0x0000000080000000, 0x000000008c780000, 0x00000000d5580000)
  object space 204288K, 86% used [0x0000000080000000,0x000000008acf0e88,0x000000008c780000)
 Metaspace       used 61012K, capacity 61922K, committed 62208K, reserved 1103872K
  class space    used 7641K, capacity 7856K, committed 7936K, reserved 1048576K
}
Event: 43.106 GC heap before
{Heap before GC invocations=29 (full 6):
 PSYoungGen      total 317440K, used 56299K [0x00000000d5580000, 0x00000000f2c80000, 0x0000000100000000)
  eden space 261120K, 0% used [0x00000000d5580000,0x00000000d5580000,0x00000000e5480000)
  from space 56320K, 99% used [0x00000000e5480000,0x00000000e8b7acd8,0x00000000e8b80000)
  to   space 84992K, 0% used [0x00000000ed980000,0x00000000ed980000,0x00000000f2c80000)
 ParOldGen       total 204288K, used 177091K [0x0000000080000000, 0x000000008c780000, 0x00000000d5580000)
  object space 204288K, 86% used [0x0000000080000000,0x000000008acf0e88,0x000000008c780000)
 Metaspace       used 61012K, capacity 61922K, committed 62208K, reserved 1103872K
  class space    used 7641K, capacity 7856K, committed 7936K, reserved 1048576K
Event: 44.371 GC heap after
Heap after GC invocations=29 (full 6):
 PSYoungGen      total 317440K, used 1514K [0x00000000d5580000, 0x00000000f2c80000, 0x0000000100000000)
  eden space 261120K, 0% used [0x00000000d5580000,0x00000000d5580000,0x00000000e5480000)
  from space 56320K, 2% used [0x00000000e5480000,0x00000000e55fa8c8,0x00000000e8b80000)
  to   space 84992K, 0% used [0x00000000ed980000,0x00000000ed980000,0x00000000f2c80000)
 ParOldGen       total 316928K, used 204194K [0x0000000080000000, 0x0000000093580000, 0x00000000d5580000)
  object space 316928K, 64% used [0x0000000080000000,0x000000008c768b20,0x0000000093580000)
 Metaspace       used 61012K, capacity 61922K, committed 62208K, reserved 1103872K
  class space    used 7641K, capacity 7856K, committed 7936K, reserved 1048576K
}
Event: 45.951 GC heap before
{Heap before GC invocations=30 (full 6):
 PSYoungGen      total 317440K, used 252902K [0x00000000d5580000, 0x00000000f2c80000, 0x0000000100000000)
  eden space 261120K, 96% used [0x00000000d5580000,0x00000000e4aff218,0x00000000e5480000)
  from space 56320K, 2% used [0x00000000e5480000,0x00000000e55fa8c8,0x00000000e8b80000)
  to   space 84992K, 0% used [0x00000000ed980000,0x00000000ed980000,0x00000000f2c80000)
 ParOldGen       total 316928K, used 204194K [0x0000000080000000, 0x0000000093580000, 0x00000000d5580000)
  object space 316928K, 64% used [0x0000000080000000,0x000000008c768b20,0x0000000093580000)
 Metaspace       used 61168K, capacity 62082K, committed 62464K, reserved 1103872K
  class space    used 7652K, capacity 7888K, committed 7936K, reserved 1048576K
Event: 46.076 GC heap after
Heap after GC invocations=30 (full 6):
 PSYoungGen      total 379904K, used 51300K [0x00000000d5580000, 0x00000000f2500000, 0x0000000100000000)
  eden space 302592K, 0% used [0x00000000d5580000,0x00000000d5580000,0x00000000e7d00000)
  from space 77312K, 66% used [0x00000000ed980000,0x00000000f0b99350,0x00000000f2500000)
  to   space 86016K, 0% used [0x00000000e7d00000,0x00000000e7d00000,0x00000000ed100000)
 ParOldGen       total 316928K, used 204202K [0x0000000080000000, 0x0000000093580000, 0x00000000d5580000)
  object space 316928K, 64% used [0x0000000080000000,0x000000008c76ab20,0x0000000093580000)
 Metaspace       used 61168K, capacity 62082K, committed 62464K, reserved 1103872K
  class space    used 7652K, capacity 7888K, committed 7936K, reserved 1048576K
}
Event: 46.629 GC heap before
{Heap before GC invocations=31 (full 6):
 PSYoungGen      total 379904K, used 353892K [0x00000000d5580000, 0x00000000f2500000, 0x0000000100000000)
  eden space 302592K, 100% used [0x00000000d5580000,0x00000000e7d00000,0x00000000e7d00000)
  from space 77312K, 66% used [0x00000000ed980000,0x00000000f0b99350,0x00000000f2500000)
  to   space 86016K, 0% used [0x00000000e7d00000,0x00000000e7d00000,0x00000000ed100000)
 ParOldGen       total 316928K, used 204202K [0x0000000080000000, 0x0000000093580000, 0x00000000d5580000)
  object space 316928K, 64% used [0x0000000080000000,0x000000008c76ab20,0x0000000093580000)
 Metaspace       used 61280K, capacity 62228K, committed 62464K, reserved 1103872K
  class space    used 7660K, capacity 7891K, committed 7936K, reserved 1048576K
Event: 46.723 GC heap after
Heap after GC invocations=31 (full 6):
 PSYoungGen      total 388608K, used 85620K [0x00000000d5580000, 0x00000000f6a00000, 0x0000000100000000)
  eden space 302592K, 0% used [0x00000000d5580000,0x00000000d5580000,0x00000000e7d00000)
  from space 86016K, 99% used [0x00000000e7d00000,0x00000000ed09d2b0,0x00000000ed100000)
  to   space 99840K, 0% used [0x00000000f0880000,0x00000000f0880000,0x00000000f6a00000)
 ParOldGen       total 316928K, used 229910K [0x0000000080000000, 0x0000000093580000, 0x00000000d5580000)
  object space 316928K, 72% used [0x0000000080000000,0x000000008e085a08,0x0000000093580000)
 Metaspace       used 61280K, capacity 62228K, committed 62464K, reserved 1103872K
  class space    used 7660K, capacity 7891K, committed 7936K, reserved 1048576K
}
Event: 47.350 GC heap before
{Heap before GC invocations=32 (full 6):
 PSYoungGen      total 388608K, used 383592K [0x00000000d5580000, 0x00000000f6a00000, 0x0000000100000000)
  eden space 302592K, 98% used [0x00000000d5580000,0x00000000e787cfb0,0x00000000e7d00000)
  from space 86016K, 99% used [0x00000000e7d00000,0x00000000ed09d2b0,0x00000000ed100000)
  to   space 99840K, 0% used [0x00000000f0880000,0x00000000f0880000,0x00000000f6a00000)
 ParOldGen       total 316928K, used 229910K [0x0000000080000000, 0x0000000093580000, 0x00000000d5580000)
  object space 316928K, 72% used [0x0000000080000000,0x000000008e085a08,0x0000000093580000)
 Metaspace       used 61459K, capacity 62356K, committed 62720K, reserved 1103872K
  class space    used 7679K, capacity 7891K, committed 7936K, reserved 1048576K

